

============================== 2024-07-14 11:29:53.020996 | f23a4b66-5049-4851-af3f-31eaa4d70ddd ==============================
11:29:53.020996 [info ] [MainThread]: Running with dbt=1.0.0
11:29:53.022183 [debug] [MainThread]: running dbt with arguments Namespace(record_timing_info=None, debug=None, log_format=None, write_json=None, use_colors=None, printer_width=None, warn_error=None, version_check=None, partial_parse=None, single_threaded=False, use_experimental_parser=None, static_parser=None, profiles_dir='/app/dbt_project', send_anonymous_usage_stats=None, fail_fast=None, event_buffer_size=None, project_dir=None, profile=None, target=None, vars='{}', log_cache_events=False, config_dir=False, defer=None, state=None, cls=<class 'dbt.task.debug.DebugTask'>, which='debug', rpc_method=None)
11:29:53.024031 [debug] [MainThread]: Tracking: tracking
11:29:53.029223 [debug] [MainThread]: Sending event: {'category': 'dbt', 'action': 'invocation', 'label': 'start', 'context': [<snowplow_tracker.self_describing_json.SelfDescribingJson object at 0x7f397cacfdf0>, <snowplow_tracker.self_describing_json.SelfDescribingJson object at 0x7f397cb2fdc0>, <snowplow_tracker.self_describing_json.SelfDescribingJson object at 0x7f397cb2fee0>]}
11:29:53.215172 [debug] [MainThread]: Executing "git --help"
11:29:53.221471 [debug] [MainThread]: STDOUT: "b"usage: git [-v | --version] [-h | --help] [-C <path>] [-c <name>=<value>]\n           [--exec-path[=<path>]] [--html-path] [--man-path] [--info-path]\n           [-p | --paginate | -P | --no-pager] [--no-replace-objects] [--bare]\n           [--git-dir=<path>] [--work-tree=<path>] [--namespace=<name>]\n           [--super-prefix=<path>] [--config-env=<name>=<envvar>]\n           <command> [<args>]\n\nThese are common Git commands used in various situations:\n\nstart a working area (see also: git help tutorial)\n   clone     Clone a repository into a new directory\n   init      Create an empty Git repository or reinitialize an existing one\n\nwork on the current change (see also: git help everyday)\n   add       Add file contents to the index\n   mv        Move or rename a file, a directory, or a symlink\n   restore   Restore working tree files\n   rm        Remove files from the working tree and from the index\n\nexamine the history and state (see also: git help revisions)\n   bisect    Use binary search to find the commit that introduced a bug\n   diff      Show changes between commits, commit and working tree, etc\n   grep      Print lines matching a pattern\n   log       Show commit logs\n   show      Show various types of objects\n   status    Show the working tree status\n\ngrow, mark and tweak your common history\n   branch    List, create, or delete branches\n   commit    Record changes to the repository\n   merge     Join two or more development histories together\n   rebase    Reapply commits on top of another base tip\n   reset     Reset current HEAD to the specified state\n   switch    Switch branches\n   tag       Create, list, delete or verify a tag object signed with GPG\n\ncollaborate (see also: git help workflows)\n   fetch     Download objects and refs from another repository\n   pull      Fetch from and integrate with another repository or a local branch\n   push      Update remote refs along with associated objects\n\n'git help -a' and 'git help -g' list available subcommands and some\nconcept guides. See 'git help <command>' or 'git help <concept>'\nto read about a specific subcommand or concept.\nSee 'git help git' for an overview of the system.\n""
11:29:53.222958 [debug] [MainThread]: STDERR: "b''"
11:29:53.228957 [debug] [MainThread]: Acquiring new postgres connection "debug"
11:29:53.233366 [debug] [MainThread]: Using postgres connection "debug"
11:29:53.234640 [debug] [MainThread]: On debug: select 1 as id
11:29:53.235812 [debug] [MainThread]: Opening a new connection, currently in state init
11:29:53.245202 [debug] [MainThread]: Postgres adapter: Got an error when attempting to open a postgres connection: 'connection to server at "postgres" (192.168.16.2), port 5432 failed: FATAL:  password authentication failed for user "dbt_user"
'
11:29:53.247508 [debug] [MainThread]: Postgres adapter: Error running SQL: select 1 as id
11:29:53.248719 [debug] [MainThread]: Postgres adapter: Rolling back transaction.
11:29:53.249970 [debug] [MainThread]: On debug: No close available on handle
11:29:53.251791 [debug] [MainThread]: Sending event: {'category': 'dbt', 'action': 'invocation', 'label': 'end', 'context': [<snowplow_tracker.self_describing_json.SelfDescribingJson object at 0x7f397c4fcbe0>, <snowplow_tracker.self_describing_json.SelfDescribingJson object at 0x7f397c4fceb0>, <snowplow_tracker.self_describing_json.SelfDescribingJson object at 0x7f397c4fcd60>]}
11:29:53.700112 [debug] [MainThread]: Connection 'debug' was properly closed.


============================== 2024-07-14 11:46:41.412408 | 0b4b82a4-0265-4e29-80eb-1023920f9ada ==============================
11:46:41.412408 [info ] [MainThread]: Running with dbt=1.0.0
11:46:41.413503 [debug] [MainThread]: running dbt with arguments Namespace(record_timing_info=None, debug=None, log_format=None, write_json=None, use_colors=None, printer_width=None, warn_error=None, version_check=None, partial_parse=None, single_threaded=False, use_experimental_parser=None, static_parser=None, profiles_dir='/app/dbt_project', send_anonymous_usage_stats=None, fail_fast=None, event_buffer_size=None, project_dir=None, profile=None, target=None, vars='{}', log_cache_events=False, config_dir=False, defer=None, state=None, cls=<class 'dbt.task.debug.DebugTask'>, which='debug', rpc_method=None)
11:46:41.415342 [debug] [MainThread]: Tracking: tracking
11:46:41.419916 [debug] [MainThread]: Sending event: {'category': 'dbt', 'action': 'invocation', 'label': 'start', 'context': [<snowplow_tracker.self_describing_json.SelfDescribingJson object at 0x7f2d8f44fdf0>, <snowplow_tracker.self_describing_json.SelfDescribingJson object at 0x7f2d8f4aedc0>, <snowplow_tracker.self_describing_json.SelfDescribingJson object at 0x7f2d8f4aeee0>]}
11:46:41.549219 [debug] [MainThread]: Executing "git --help"
11:46:41.555637 [debug] [MainThread]: STDOUT: "b"usage: git [-v | --version] [-h | --help] [-C <path>] [-c <name>=<value>]\n           [--exec-path[=<path>]] [--html-path] [--man-path] [--info-path]\n           [-p | --paginate | -P | --no-pager] [--no-replace-objects] [--bare]\n           [--git-dir=<path>] [--work-tree=<path>] [--namespace=<name>]\n           [--super-prefix=<path>] [--config-env=<name>=<envvar>]\n           <command> [<args>]\n\nThese are common Git commands used in various situations:\n\nstart a working area (see also: git help tutorial)\n   clone     Clone a repository into a new directory\n   init      Create an empty Git repository or reinitialize an existing one\n\nwork on the current change (see also: git help everyday)\n   add       Add file contents to the index\n   mv        Move or rename a file, a directory, or a symlink\n   restore   Restore working tree files\n   rm        Remove files from the working tree and from the index\n\nexamine the history and state (see also: git help revisions)\n   bisect    Use binary search to find the commit that introduced a bug\n   diff      Show changes between commits, commit and working tree, etc\n   grep      Print lines matching a pattern\n   log       Show commit logs\n   show      Show various types of objects\n   status    Show the working tree status\n\ngrow, mark and tweak your common history\n   branch    List, create, or delete branches\n   commit    Record changes to the repository\n   merge     Join two or more development histories together\n   rebase    Reapply commits on top of another base tip\n   reset     Reset current HEAD to the specified state\n   switch    Switch branches\n   tag       Create, list, delete or verify a tag object signed with GPG\n\ncollaborate (see also: git help workflows)\n   fetch     Download objects and refs from another repository\n   pull      Fetch from and integrate with another repository or a local branch\n   push      Update remote refs along with associated objects\n\n'git help -a' and 'git help -g' list available subcommands and some\nconcept guides. See 'git help <command>' or 'git help <concept>'\nto read about a specific subcommand or concept.\nSee 'git help git' for an overview of the system.\n""
11:46:41.557207 [debug] [MainThread]: STDERR: "b''"
11:46:41.562288 [debug] [MainThread]: Acquiring new postgres connection "debug"
11:46:41.566445 [debug] [MainThread]: Using postgres connection "debug"
11:46:41.568868 [debug] [MainThread]: On debug: select 1 as id
11:46:41.572652 [debug] [MainThread]: Opening a new connection, currently in state init
11:46:41.580428 [debug] [MainThread]: SQL status: SELECT 1 in 0.01 seconds
11:46:41.583161 [debug] [MainThread]: On debug: Close
11:46:41.585132 [debug] [MainThread]: Sending event: {'category': 'dbt', 'action': 'invocation', 'label': 'end', 'context': [<snowplow_tracker.self_describing_json.SelfDescribingJson object at 0x7f2d8ee89eb0>, <snowplow_tracker.self_describing_json.SelfDescribingJson object at 0x7f2d8ee89580>, <snowplow_tracker.self_describing_json.SelfDescribingJson object at 0x7f2d8ee893a0>]}
11:46:42.012135 [debug] [MainThread]: Connection 'debug' was properly closed.


============================== 2024-07-14 11:48:41.401773 | 4ed723bf-575c-4f03-93ba-feadc11c4852 ==============================
11:48:41.401773 [info ] [MainThread]: Running with dbt=1.0.0
11:48:41.402759 [debug] [MainThread]: running dbt with arguments Namespace(record_timing_info=None, debug=None, log_format=None, write_json=None, use_colors=None, printer_width=None, warn_error=None, version_check=None, partial_parse=None, single_threaded=False, use_experimental_parser=None, static_parser=None, profiles_dir='/app/dbt_project', send_anonymous_usage_stats=None, fail_fast=None, event_buffer_size=None, project_dir=None, profile=None, target=None, vars='{}', log_cache_events=False, config_dir=False, defer=None, state=None, cls=<class 'dbt.task.debug.DebugTask'>, which='debug', rpc_method=None)
11:48:41.404732 [debug] [MainThread]: Tracking: tracking
11:48:41.409740 [debug] [MainThread]: Sending event: {'category': 'dbt', 'action': 'invocation', 'label': 'start', 'context': [<snowplow_tracker.self_describing_json.SelfDescribingJson object at 0x7f1b1d317ca0>, <snowplow_tracker.self_describing_json.SelfDescribingJson object at 0x7f1b1d317d00>, <snowplow_tracker.self_describing_json.SelfDescribingJson object at 0x7f1b1d317d60>]}
11:48:41.578741 [debug] [MainThread]: Executing "git --help"
11:48:41.584688 [debug] [MainThread]: STDOUT: "b"usage: git [-v | --version] [-h | --help] [-C <path>] [-c <name>=<value>]\n           [--exec-path[=<path>]] [--html-path] [--man-path] [--info-path]\n           [-p | --paginate | -P | --no-pager] [--no-replace-objects] [--bare]\n           [--git-dir=<path>] [--work-tree=<path>] [--namespace=<name>]\n           [--super-prefix=<path>] [--config-env=<name>=<envvar>]\n           <command> [<args>]\n\nThese are common Git commands used in various situations:\n\nstart a working area (see also: git help tutorial)\n   clone     Clone a repository into a new directory\n   init      Create an empty Git repository or reinitialize an existing one\n\nwork on the current change (see also: git help everyday)\n   add       Add file contents to the index\n   mv        Move or rename a file, a directory, or a symlink\n   restore   Restore working tree files\n   rm        Remove files from the working tree and from the index\n\nexamine the history and state (see also: git help revisions)\n   bisect    Use binary search to find the commit that introduced a bug\n   diff      Show changes between commits, commit and working tree, etc\n   grep      Print lines matching a pattern\n   log       Show commit logs\n   show      Show various types of objects\n   status    Show the working tree status\n\ngrow, mark and tweak your common history\n   branch    List, create, or delete branches\n   commit    Record changes to the repository\n   merge     Join two or more development histories together\n   rebase    Reapply commits on top of another base tip\n   reset     Reset current HEAD to the specified state\n   switch    Switch branches\n   tag       Create, list, delete or verify a tag object signed with GPG\n\ncollaborate (see also: git help workflows)\n   fetch     Download objects and refs from another repository\n   pull      Fetch from and integrate with another repository or a local branch\n   push      Update remote refs along with associated objects\n\n'git help -a' and 'git help -g' list available subcommands and some\nconcept guides. See 'git help <command>' or 'git help <concept>'\nto read about a specific subcommand or concept.\nSee 'git help git' for an overview of the system.\n""
11:48:41.586162 [debug] [MainThread]: STDERR: "b''"
11:48:41.596780 [debug] [MainThread]: Acquiring new postgres connection "debug"
11:48:41.603924 [debug] [MainThread]: Using postgres connection "debug"
11:48:41.605142 [debug] [MainThread]: On debug: select 1 as id
11:48:41.608087 [debug] [MainThread]: Opening a new connection, currently in state init
11:48:41.621539 [debug] [MainThread]: SQL status: SELECT 1 in 0.01 seconds
11:48:41.626016 [debug] [MainThread]: On debug: Close
11:48:41.628852 [debug] [MainThread]: Sending event: {'category': 'dbt', 'action': 'invocation', 'label': 'end', 'context': [<snowplow_tracker.self_describing_json.SelfDescribingJson object at 0x7f1b1cb47100>, <snowplow_tracker.self_describing_json.SelfDescribingJson object at 0x7f1b1cb47a90>, <snowplow_tracker.self_describing_json.SelfDescribingJson object at 0x7f1b1cb474f0>]}
11:48:42.081496 [debug] [MainThread]: Connection 'debug' was properly closed.


============================== 2024-07-14 11:56:02.923725 | d53bfe59-7a05-4cec-9e54-e6145155598b ==============================
11:56:02.923725 [info ] [MainThread]: Running with dbt=1.0.0
11:56:02.924733 [debug] [MainThread]: running dbt with arguments Namespace(record_timing_info=None, debug=None, log_format=None, write_json=None, use_colors=None, printer_width=None, warn_error=None, version_check=None, partial_parse=None, single_threaded=False, use_experimental_parser=None, static_parser=None, profiles_dir='/app/dbt_project', send_anonymous_usage_stats=None, fail_fast=None, event_buffer_size=None, project_dir=None, profile=None, target=None, vars='{}', log_cache_events=False, config_dir=False, defer=None, state=None, cls=<class 'dbt.task.debug.DebugTask'>, which='debug', rpc_method=None)
11:56:02.926254 [debug] [MainThread]: Tracking: tracking
11:56:02.931463 [debug] [MainThread]: Sending event: {'category': 'dbt', 'action': 'invocation', 'label': 'start', 'context': [<snowplow_tracker.self_describing_json.SelfDescribingJson object at 0x7f0688657b80>, <snowplow_tracker.self_describing_json.SelfDescribingJson object at 0x7f0688657d30>, <snowplow_tracker.self_describing_json.SelfDescribingJson object at 0x7f0688657c40>]}
11:56:03.060072 [debug] [MainThread]: Executing "git --help"
11:56:03.066406 [debug] [MainThread]: STDOUT: "b"usage: git [-v | --version] [-h | --help] [-C <path>] [-c <name>=<value>]\n           [--exec-path[=<path>]] [--html-path] [--man-path] [--info-path]\n           [-p | --paginate | -P | --no-pager] [--no-replace-objects] [--bare]\n           [--git-dir=<path>] [--work-tree=<path>] [--namespace=<name>]\n           [--super-prefix=<path>] [--config-env=<name>=<envvar>]\n           <command> [<args>]\n\nThese are common Git commands used in various situations:\n\nstart a working area (see also: git help tutorial)\n   clone     Clone a repository into a new directory\n   init      Create an empty Git repository or reinitialize an existing one\n\nwork on the current change (see also: git help everyday)\n   add       Add file contents to the index\n   mv        Move or rename a file, a directory, or a symlink\n   restore   Restore working tree files\n   rm        Remove files from the working tree and from the index\n\nexamine the history and state (see also: git help revisions)\n   bisect    Use binary search to find the commit that introduced a bug\n   diff      Show changes between commits, commit and working tree, etc\n   grep      Print lines matching a pattern\n   log       Show commit logs\n   show      Show various types of objects\n   status    Show the working tree status\n\ngrow, mark and tweak your common history\n   branch    List, create, or delete branches\n   commit    Record changes to the repository\n   merge     Join two or more development histories together\n   rebase    Reapply commits on top of another base tip\n   reset     Reset current HEAD to the specified state\n   switch    Switch branches\n   tag       Create, list, delete or verify a tag object signed with GPG\n\ncollaborate (see also: git help workflows)\n   fetch     Download objects and refs from another repository\n   pull      Fetch from and integrate with another repository or a local branch\n   push      Update remote refs along with associated objects\n\n'git help -a' and 'git help -g' list available subcommands and some\nconcept guides. See 'git help <command>' or 'git help <concept>'\nto read about a specific subcommand or concept.\nSee 'git help git' for an overview of the system.\n""
11:56:03.068087 [debug] [MainThread]: STDERR: "b''"
11:56:03.081456 [debug] [MainThread]: Acquiring new postgres connection "debug"
11:56:03.082997 [debug] [MainThread]: Using postgres connection "debug"
11:56:03.084232 [debug] [MainThread]: On debug: select 1 as id
11:56:03.085415 [debug] [MainThread]: Opening a new connection, currently in state init
11:56:03.093682 [debug] [MainThread]: SQL status: SELECT 1 in 0.01 seconds
11:56:03.098162 [debug] [MainThread]: On debug: Close
11:56:03.100308 [debug] [MainThread]: Sending event: {'category': 'dbt', 'action': 'invocation', 'label': 'end', 'context': [<snowplow_tracker.self_describing_json.SelfDescribingJson object at 0x7f0688066bb0>, <snowplow_tracker.self_describing_json.SelfDescribingJson object at 0x7f06880663a0>, <snowplow_tracker.self_describing_json.SelfDescribingJson object at 0x7f0688066fa0>]}
11:56:03.545592 [debug] [MainThread]: Connection 'debug' was properly closed.


============================== 2024-07-14 11:57:22.465167 | 0c358010-47b4-435d-b3cd-2387728e7898 ==============================
11:57:22.465167 [info ] [MainThread]: Running with dbt=1.0.0
11:57:22.466191 [debug] [MainThread]: running dbt with arguments Namespace(record_timing_info=None, debug=None, log_format=None, write_json=None, use_colors=None, printer_width=None, warn_error=None, version_check=None, partial_parse=None, single_threaded=False, use_experimental_parser=None, static_parser=None, profiles_dir='/app/dbt_project', send_anonymous_usage_stats=None, fail_fast=None, event_buffer_size=None, project_dir=None, profile=None, target=None, vars='{}', log_cache_events=False, config_dir=False, defer=None, state=None, cls=<class 'dbt.task.debug.DebugTask'>, which='debug', rpc_method=None)
11:57:22.468213 [debug] [MainThread]: Tracking: tracking
11:57:22.473638 [debug] [MainThread]: Sending event: {'category': 'dbt', 'action': 'invocation', 'label': 'start', 'context': [<snowplow_tracker.self_describing_json.SelfDescribingJson object at 0x7fc9cbb17be0>, <snowplow_tracker.self_describing_json.SelfDescribingJson object at 0x7fc9cbb17d90>, <snowplow_tracker.self_describing_json.SelfDescribingJson object at 0x7fc9cbb17ca0>]}
11:57:22.614448 [warn ] [MainThread]: [[33mWARNING[0m]: Deprecated functionality
The `source-paths` config has been renamed to `model-paths`. Please update your
`dbt_project.yml` configuration to reflect this change.
11:57:22.615846 [debug] [MainThread]: Sending event: {'category': 'dbt', 'action': 'deprecation', 'label': '0c358010-47b4-435d-b3cd-2387728e7898', 'property_': 'warn', 'context': [<snowplow_tracker.self_describing_json.SelfDescribingJson object at 0x7fc9cafcb3a0>]}
11:57:22.617850 [warn ] [MainThread]: [[33mWARNING[0m]: Deprecated functionality
The `data-paths` config has been renamed to `seed-paths`. Please update your
`dbt_project.yml` configuration to reflect this change.
11:57:22.619175 [debug] [MainThread]: Sending event: {'category': 'dbt', 'action': 'deprecation', 'label': '0c358010-47b4-435d-b3cd-2387728e7898', 'property_': 'warn', 'context': [<snowplow_tracker.self_describing_json.SelfDescribingJson object at 0x7fc9cafcb130>]}
11:57:22.648851 [debug] [MainThread]: Executing "git --help"
11:57:22.655348 [debug] [MainThread]: STDOUT: "b"usage: git [-v | --version] [-h | --help] [-C <path>] [-c <name>=<value>]\n           [--exec-path[=<path>]] [--html-path] [--man-path] [--info-path]\n           [-p | --paginate | -P | --no-pager] [--no-replace-objects] [--bare]\n           [--git-dir=<path>] [--work-tree=<path>] [--namespace=<name>]\n           [--super-prefix=<path>] [--config-env=<name>=<envvar>]\n           <command> [<args>]\n\nThese are common Git commands used in various situations:\n\nstart a working area (see also: git help tutorial)\n   clone     Clone a repository into a new directory\n   init      Create an empty Git repository or reinitialize an existing one\n\nwork on the current change (see also: git help everyday)\n   add       Add file contents to the index\n   mv        Move or rename a file, a directory, or a symlink\n   restore   Restore working tree files\n   rm        Remove files from the working tree and from the index\n\nexamine the history and state (see also: git help revisions)\n   bisect    Use binary search to find the commit that introduced a bug\n   diff      Show changes between commits, commit and working tree, etc\n   grep      Print lines matching a pattern\n   log       Show commit logs\n   show      Show various types of objects\n   status    Show the working tree status\n\ngrow, mark and tweak your common history\n   branch    List, create, or delete branches\n   commit    Record changes to the repository\n   merge     Join two or more development histories together\n   rebase    Reapply commits on top of another base tip\n   reset     Reset current HEAD to the specified state\n   switch    Switch branches\n   tag       Create, list, delete or verify a tag object signed with GPG\n\ncollaborate (see also: git help workflows)\n   fetch     Download objects and refs from another repository\n   pull      Fetch from and integrate with another repository or a local branch\n   push      Update remote refs along with associated objects\n\n'git help -a' and 'git help -g' list available subcommands and some\nconcept guides. See 'git help <command>' or 'git help <concept>'\nto read about a specific subcommand or concept.\nSee 'git help git' for an overview of the system.\n""
11:57:22.657291 [debug] [MainThread]: STDERR: "b''"
11:57:22.668639 [debug] [MainThread]: Acquiring new postgres connection "debug"
11:57:22.670633 [debug] [MainThread]: Using postgres connection "debug"
11:57:22.672158 [debug] [MainThread]: On debug: select 1 as id
11:57:22.674078 [debug] [MainThread]: Opening a new connection, currently in state init
11:57:22.687931 [debug] [MainThread]: SQL status: SELECT 1 in 0.01 seconds
11:57:22.692642 [debug] [MainThread]: On debug: Close
11:57:22.696039 [debug] [MainThread]: Sending event: {'category': 'dbt', 'action': 'invocation', 'label': 'end', 'context': [<snowplow_tracker.self_describing_json.SelfDescribingJson object at 0x7fc9caf86100>, <snowplow_tracker.self_describing_json.SelfDescribingJson object at 0x7fc9caf86a00>, <snowplow_tracker.self_describing_json.SelfDescribingJson object at 0x7fc9caf86250>]}
11:57:23.119274 [debug] [MainThread]: Connection 'debug' was properly closed.


============================== 2024-07-14 11:59:39.862852 | 3419d745-3f55-4a5f-9d48-0a8c4abd1e8b ==============================
11:59:39.862852 [info ] [MainThread]: Running with dbt=1.0.0
11:59:39.864356 [debug] [MainThread]: running dbt with arguments Namespace(record_timing_info=None, debug=None, log_format=None, write_json=None, use_colors=None, printer_width=None, warn_error=None, version_check=None, partial_parse=None, single_threaded=False, use_experimental_parser=None, static_parser=None, profiles_dir='/app/dbt_project', send_anonymous_usage_stats=None, fail_fast=None, event_buffer_size=None, project_dir=None, profile=None, target=None, vars='{}', log_cache_events=False, threads=None, select=None, exclude=None, selector_name=None, state=None, defer=None, full_refresh=False, cls=<class 'dbt.task.run.RunTask'>, which='run', rpc_method='run')
11:59:39.866601 [debug] [MainThread]: Tracking: tracking
11:59:39.873066 [debug] [MainThread]: Sending event: {'category': 'dbt', 'action': 'invocation', 'label': 'start', 'context': [<snowplow_tracker.self_describing_json.SelfDescribingJson object at 0x7f332700fca0>, <snowplow_tracker.self_describing_json.SelfDescribingJson object at 0x7f332700fe20>, <snowplow_tracker.self_describing_json.SelfDescribingJson object at 0x7f332700fb50>]}
11:59:39.904677 [info ] [MainThread]: Partial parse save file not found. Starting full parse.
11:59:39.906721 [debug] [MainThread]: Sending event: {'category': 'dbt', 'action': 'partial_parser', 'label': '3419d745-3f55-4a5f-9d48-0a8c4abd1e8b', 'context': [<snowplow_tracker.self_describing_json.SelfDescribingJson object at 0x7f3327014310>]}
11:59:39.970541 [debug] [MainThread]: Parsing macros/catalog.sql
11:59:39.978183 [debug] [MainThread]: Parsing macros/adapters.sql
11:59:40.024946 [debug] [MainThread]: Parsing macros/relations.sql
11:59:40.028741 [debug] [MainThread]: Parsing macros/materializations/snapshot_merge.sql
11:59:40.032686 [debug] [MainThread]: Parsing macros/adapters/columns.sql
11:59:40.052006 [debug] [MainThread]: Parsing macros/adapters/relation.sql
11:59:40.070730 [debug] [MainThread]: Parsing macros/adapters/indexes.sql
11:59:40.076335 [debug] [MainThread]: Parsing macros/adapters/freshness.sql
11:59:40.082478 [debug] [MainThread]: Parsing macros/adapters/metadata.sql
11:59:40.097125 [debug] [MainThread]: Parsing macros/adapters/schema.sql
11:59:40.101884 [debug] [MainThread]: Parsing macros/adapters/persist_docs.sql
11:59:40.110821 [debug] [MainThread]: Parsing macros/etc/datetime.sql
11:59:40.127864 [debug] [MainThread]: Parsing macros/etc/statement.sql
11:59:40.137181 [debug] [MainThread]: Parsing macros/get_custom_name/get_custom_schema.sql
11:59:40.142624 [debug] [MainThread]: Parsing macros/get_custom_name/get_custom_alias.sql
11:59:40.146429 [debug] [MainThread]: Parsing macros/get_custom_name/get_custom_database.sql
11:59:40.150401 [debug] [MainThread]: Parsing macros/materializations/configs.sql
11:59:40.155468 [debug] [MainThread]: Parsing macros/materializations/hooks.sql
11:59:40.163710 [debug] [MainThread]: Parsing macros/materializations/models/table/table.sql
11:59:40.178630 [debug] [MainThread]: Parsing macros/materializations/models/table/create_table_as.sql
11:59:40.184611 [debug] [MainThread]: Parsing macros/materializations/models/view/create_view_as.sql
11:59:40.189651 [debug] [MainThread]: Parsing macros/materializations/models/view/helpers.sql
11:59:40.193023 [debug] [MainThread]: Parsing macros/materializations/models/view/view.sql
11:59:40.207503 [debug] [MainThread]: Parsing macros/materializations/models/view/create_or_replace_view.sql
11:59:40.213485 [debug] [MainThread]: Parsing macros/materializations/models/incremental/merge.sql
11:59:40.237284 [debug] [MainThread]: Parsing macros/materializations/models/incremental/is_incremental.sql
11:59:40.241114 [debug] [MainThread]: Parsing macros/materializations/models/incremental/on_schema_change.sql
11:59:40.275382 [debug] [MainThread]: Parsing macros/materializations/models/incremental/incremental.sql
11:59:40.294992 [debug] [MainThread]: Parsing macros/materializations/models/incremental/column_helpers.sql
11:59:40.304949 [debug] [MainThread]: Parsing macros/materializations/seeds/helpers.sql
11:59:40.353077 [debug] [MainThread]: Parsing macros/materializations/seeds/seed.sql
11:59:40.373263 [debug] [MainThread]: Parsing macros/materializations/tests/where_subquery.sql
11:59:40.379256 [debug] [MainThread]: Parsing macros/materializations/tests/helpers.sql
11:59:40.383808 [debug] [MainThread]: Parsing macros/materializations/tests/test.sql
11:59:40.397356 [debug] [MainThread]: Parsing macros/materializations/snapshots/helpers.sql
11:59:40.421117 [debug] [MainThread]: Parsing macros/materializations/snapshots/snapshot.sql
11:59:40.444551 [debug] [MainThread]: Parsing macros/materializations/snapshots/strategies.sql
11:59:40.477359 [debug] [MainThread]: Parsing macros/materializations/snapshots/snapshot_merge.sql
11:59:40.481398 [debug] [MainThread]: Parsing macros/generic_test_sql/relationships.sql
11:59:40.483955 [debug] [MainThread]: Parsing macros/generic_test_sql/accepted_values.sql
11:59:40.487502 [debug] [MainThread]: Parsing macros/generic_test_sql/not_null.sql
11:59:40.489557 [debug] [MainThread]: Parsing macros/generic_test_sql/unique.sql
11:59:40.491700 [debug] [MainThread]: Parsing tests/generic/builtin.sql
11:59:40.843413 [warn ] [MainThread]: [[33mWARNING[0m]: Configuration paths exist in your dbt_project.yml file which do not apply to any resources.
There are 1 unused configuration paths:
- models.your_model_name

11:59:40.854402 [debug] [MainThread]: Sending event: {'category': 'dbt', 'action': 'load_project', 'label': '3419d745-3f55-4a5f-9d48-0a8c4abd1e8b', 'context': [<snowplow_tracker.self_describing_json.SelfDescribingJson object at 0x7f3326ff4970>]}
11:59:40.876030 [debug] [MainThread]: Sending event: {'category': 'dbt', 'action': 'resource_counts', 'label': '3419d745-3f55-4a5f-9d48-0a8c4abd1e8b', 'context': [<snowplow_tracker.self_describing_json.SelfDescribingJson object at 0x7f33270140a0>]}
11:59:40.877467 [info ] [MainThread]: Found 0 models, 0 tests, 0 snapshots, 0 analyses, 165 macros, 0 operations, 0 seed files, 0 sources, 0 exposures, 0 metrics
11:59:40.880635 [info ] [MainThread]: 
11:59:40.882455 [warn ] [MainThread]: [[33mWARNING[0m]: Nothing to do. Try checking your model configs and model specification args
11:59:40.904886 [debug] [MainThread]: Sending event: {'category': 'dbt', 'action': 'invocation', 'label': 'end', 'context': [<snowplow_tracker.self_describing_json.SelfDescribingJson object at 0x7f33270baf70>, <snowplow_tracker.self_describing_json.SelfDescribingJson object at 0x7f332703e9a0>, <snowplow_tracker.self_describing_json.SelfDescribingJson object at 0x7f332703e880>]}


============================== 2024-07-14 12:01:13.483759 | ce9a2437-ca07-47de-bff3-73935e8b86fd ==============================
12:01:13.483759 [info ] [MainThread]: Running with dbt=1.0.0
12:01:13.484803 [debug] [MainThread]: running dbt with arguments Namespace(record_timing_info=None, debug=None, log_format=None, write_json=None, use_colors=None, printer_width=None, warn_error=None, version_check=None, partial_parse=None, single_threaded=False, use_experimental_parser=None, static_parser=None, profiles_dir='/app/dbt_project', send_anonymous_usage_stats=None, fail_fast=None, event_buffer_size=None, project_dir=None, profile=None, target=None, vars='{}', log_cache_events=False, config_dir=False, defer=None, state=None, cls=<class 'dbt.task.debug.DebugTask'>, which='debug', rpc_method=None)
12:01:13.486524 [debug] [MainThread]: Tracking: tracking
12:01:13.491648 [debug] [MainThread]: Sending event: {'category': 'dbt', 'action': 'invocation', 'label': 'start', 'context': [<snowplow_tracker.self_describing_json.SelfDescribingJson object at 0x7ff5cdc56e50>, <snowplow_tracker.self_describing_json.SelfDescribingJson object at 0x7ff5cdc562e0>, <snowplow_tracker.self_describing_json.SelfDescribingJson object at 0x7ff5cdc565e0>]}
12:01:13.625782 [debug] [MainThread]: Executing "git --help"
12:01:13.632095 [debug] [MainThread]: STDOUT: "b"usage: git [-v | --version] [-h | --help] [-C <path>] [-c <name>=<value>]\n           [--exec-path[=<path>]] [--html-path] [--man-path] [--info-path]\n           [-p | --paginate | -P | --no-pager] [--no-replace-objects] [--bare]\n           [--git-dir=<path>] [--work-tree=<path>] [--namespace=<name>]\n           [--super-prefix=<path>] [--config-env=<name>=<envvar>]\n           <command> [<args>]\n\nThese are common Git commands used in various situations:\n\nstart a working area (see also: git help tutorial)\n   clone     Clone a repository into a new directory\n   init      Create an empty Git repository or reinitialize an existing one\n\nwork on the current change (see also: git help everyday)\n   add       Add file contents to the index\n   mv        Move or rename a file, a directory, or a symlink\n   restore   Restore working tree files\n   rm        Remove files from the working tree and from the index\n\nexamine the history and state (see also: git help revisions)\n   bisect    Use binary search to find the commit that introduced a bug\n   diff      Show changes between commits, commit and working tree, etc\n   grep      Print lines matching a pattern\n   log       Show commit logs\n   show      Show various types of objects\n   status    Show the working tree status\n\ngrow, mark and tweak your common history\n   branch    List, create, or delete branches\n   commit    Record changes to the repository\n   merge     Join two or more development histories together\n   rebase    Reapply commits on top of another base tip\n   reset     Reset current HEAD to the specified state\n   switch    Switch branches\n   tag       Create, list, delete or verify a tag object signed with GPG\n\ncollaborate (see also: git help workflows)\n   fetch     Download objects and refs from another repository\n   pull      Fetch from and integrate with another repository or a local branch\n   push      Update remote refs along with associated objects\n\n'git help -a' and 'git help -g' list available subcommands and some\nconcept guides. See 'git help <command>' or 'git help <concept>'\nto read about a specific subcommand or concept.\nSee 'git help git' for an overview of the system.\n""
12:01:13.633733 [debug] [MainThread]: STDERR: "b''"
12:01:13.642704 [debug] [MainThread]: Acquiring new postgres connection "debug"
12:01:13.645430 [debug] [MainThread]: Using postgres connection "debug"
12:01:13.646738 [debug] [MainThread]: On debug: select 1 as id
12:01:13.647907 [debug] [MainThread]: Opening a new connection, currently in state init
12:01:13.659458 [debug] [MainThread]: SQL status: SELECT 1 in 0.01 seconds
12:01:13.661989 [debug] [MainThread]: On debug: Close
12:01:13.663885 [debug] [MainThread]: Sending event: {'category': 'dbt', 'action': 'invocation', 'label': 'end', 'context': [<snowplow_tracker.self_describing_json.SelfDescribingJson object at 0x7ff5cd3f7100>, <snowplow_tracker.self_describing_json.SelfDescribingJson object at 0x7ff5cd3f7a30>, <snowplow_tracker.self_describing_json.SelfDescribingJson object at 0x7ff5cd3f74f0>]}
12:01:14.102599 [debug] [MainThread]: Connection 'debug' was properly closed.


============================== 2024-07-14 12:02:32.089075 | e387a805-8624-446b-897d-a2ff95c02369 ==============================
12:02:32.089075 [info ] [MainThread]: Running with dbt=1.0.0
12:02:32.090145 [debug] [MainThread]: running dbt with arguments Namespace(record_timing_info=None, debug=None, log_format=None, write_json=None, use_colors=None, printer_width=None, warn_error=None, version_check=None, partial_parse=None, single_threaded=False, use_experimental_parser=None, static_parser=None, profiles_dir='/app/dbt_project', send_anonymous_usage_stats=None, fail_fast=None, event_buffer_size=None, project_dir=None, profile=None, target=None, vars='{}', log_cache_events=False, config_dir=False, defer=None, state=None, cls=<class 'dbt.task.debug.DebugTask'>, which='debug', rpc_method=None)
12:02:32.091833 [debug] [MainThread]: Tracking: tracking
12:02:32.096716 [debug] [MainThread]: Sending event: {'category': 'dbt', 'action': 'invocation', 'label': 'start', 'context': [<snowplow_tracker.self_describing_json.SelfDescribingJson object at 0x7f5429c97c70>, <snowplow_tracker.self_describing_json.SelfDescribingJson object at 0x7f5429c97cd0>, <snowplow_tracker.self_describing_json.SelfDescribingJson object at 0x7f5429c97d30>]}
12:02:32.237218 [warn ] [MainThread]: [[33mWARNING[0m]: Deprecated functionality
The `source-paths` config has been renamed to `model-paths`. Please update your
`dbt_project.yml` configuration to reflect this change.
12:02:32.238814 [debug] [MainThread]: Sending event: {'category': 'dbt', 'action': 'deprecation', 'label': 'e387a805-8624-446b-897d-a2ff95c02369', 'property_': 'warn', 'context': [<snowplow_tracker.self_describing_json.SelfDescribingJson object at 0x7f54296ee490>]}
12:02:32.241212 [warn ] [MainThread]: [[33mWARNING[0m]: Deprecated functionality
The `data-paths` config has been renamed to `seed-paths`. Please update your
`dbt_project.yml` configuration to reflect this change.
12:02:32.242681 [debug] [MainThread]: Sending event: {'category': 'dbt', 'action': 'deprecation', 'label': 'e387a805-8624-446b-897d-a2ff95c02369', 'property_': 'warn', 'context': [<snowplow_tracker.self_describing_json.SelfDescribingJson object at 0x7f54296ee970>]}
12:02:32.272430 [debug] [MainThread]: Executing "git --help"
12:02:32.277913 [debug] [MainThread]: STDOUT: "b"usage: git [-v | --version] [-h | --help] [-C <path>] [-c <name>=<value>]\n           [--exec-path[=<path>]] [--html-path] [--man-path] [--info-path]\n           [-p | --paginate | -P | --no-pager] [--no-replace-objects] [--bare]\n           [--git-dir=<path>] [--work-tree=<path>] [--namespace=<name>]\n           [--super-prefix=<path>] [--config-env=<name>=<envvar>]\n           <command> [<args>]\n\nThese are common Git commands used in various situations:\n\nstart a working area (see also: git help tutorial)\n   clone     Clone a repository into a new directory\n   init      Create an empty Git repository or reinitialize an existing one\n\nwork on the current change (see also: git help everyday)\n   add       Add file contents to the index\n   mv        Move or rename a file, a directory, or a symlink\n   restore   Restore working tree files\n   rm        Remove files from the working tree and from the index\n\nexamine the history and state (see also: git help revisions)\n   bisect    Use binary search to find the commit that introduced a bug\n   diff      Show changes between commits, commit and working tree, etc\n   grep      Print lines matching a pattern\n   log       Show commit logs\n   show      Show various types of objects\n   status    Show the working tree status\n\ngrow, mark and tweak your common history\n   branch    List, create, or delete branches\n   commit    Record changes to the repository\n   merge     Join two or more development histories together\n   rebase    Reapply commits on top of another base tip\n   reset     Reset current HEAD to the specified state\n   switch    Switch branches\n   tag       Create, list, delete or verify a tag object signed with GPG\n\ncollaborate (see also: git help workflows)\n   fetch     Download objects and refs from another repository\n   pull      Fetch from and integrate with another repository or a local branch\n   push      Update remote refs along with associated objects\n\n'git help -a' and 'git help -g' list available subcommands and some\nconcept guides. See 'git help <command>' or 'git help <concept>'\nto read about a specific subcommand or concept.\nSee 'git help git' for an overview of the system.\n""
12:02:32.279332 [debug] [MainThread]: STDERR: "b''"
12:02:32.290511 [debug] [MainThread]: Acquiring new postgres connection "debug"
12:02:32.292053 [debug] [MainThread]: Using postgres connection "debug"
12:02:32.293269 [debug] [MainThread]: On debug: select 1 as id
12:02:32.295231 [debug] [MainThread]: Opening a new connection, currently in state init
12:02:32.309255 [debug] [MainThread]: SQL status: SELECT 1 in 0.01 seconds
12:02:32.312467 [debug] [MainThread]: On debug: Close
12:02:32.314212 [debug] [MainThread]: Sending event: {'category': 'dbt', 'action': 'invocation', 'label': 'end', 'context': [<snowplow_tracker.self_describing_json.SelfDescribingJson object at 0x7f54296ab100>, <snowplow_tracker.self_describing_json.SelfDescribingJson object at 0x7f54296ab9d0>, <snowplow_tracker.self_describing_json.SelfDescribingJson object at 0x7f54296ab250>]}
12:02:32.750195 [debug] [MainThread]: Connection 'debug' was properly closed.


============================== 2024-07-14 17:29:46.142115 | 606a39b0-7c98-4598-a58e-c331443c496b ==============================
17:29:46.142115 [info ] [MainThread]: Running with dbt=1.0.0
17:29:46.144094 [debug] [MainThread]: running dbt with arguments Namespace(record_timing_info=None, debug=None, log_format=None, write_json=None, use_colors=None, printer_width=None, warn_error=None, version_check=None, partial_parse=None, single_threaded=False, use_experimental_parser=None, static_parser=None, profiles_dir='/app/dbt_project', send_anonymous_usage_stats=None, fail_fast=None, event_buffer_size=None, project_dir=None, profile=None, target=None, vars='{}', log_cache_events=False, config_dir=False, defer=None, state=None, cls=<class 'dbt.task.debug.DebugTask'>, which='debug', rpc_method=None)
17:29:46.146180 [debug] [MainThread]: Tracking: tracking
17:29:46.154547 [debug] [MainThread]: Sending event: {'category': 'dbt', 'action': 'invocation', 'label': 'start', 'context': [<snowplow_tracker.self_describing_json.SelfDescribingJson object at 0x7fe6b5ad7bb0>, <snowplow_tracker.self_describing_json.SelfDescribingJson object at 0x7fe6b5ad7d60>, <snowplow_tracker.self_describing_json.SelfDescribingJson object at 0x7fe6b5ad7c70>]}
17:29:46.352659 [warn ] [MainThread]: [[33mWARNING[0m]: Deprecated functionality
The `source-paths` config has been renamed to `model-paths`. Please update your
`dbt_project.yml` configuration to reflect this change.
17:29:46.354036 [debug] [MainThread]: Sending event: {'category': 'dbt', 'action': 'deprecation', 'label': '606a39b0-7c98-4598-a58e-c331443c496b', 'property_': 'warn', 'context': [<snowplow_tracker.self_describing_json.SelfDescribingJson object at 0x7fe6b552f130>]}
17:29:46.358476 [warn ] [MainThread]: [[33mWARNING[0m]: Deprecated functionality
The `data-paths` config has been renamed to `seed-paths`. Please update your
`dbt_project.yml` configuration to reflect this change.
17:29:46.360450 [debug] [MainThread]: Sending event: {'category': 'dbt', 'action': 'deprecation', 'label': '606a39b0-7c98-4598-a58e-c331443c496b', 'property_': 'warn', 'context': [<snowplow_tracker.self_describing_json.SelfDescribingJson object at 0x7fe6b552e0d0>]}
17:29:46.388928 [debug] [MainThread]: Executing "git --help"
17:29:46.420021 [debug] [MainThread]: STDOUT: "b"usage: git [-v | --version] [-h | --help] [-C <path>] [-c <name>=<value>]\n           [--exec-path[=<path>]] [--html-path] [--man-path] [--info-path]\n           [-p | --paginate | -P | --no-pager] [--no-replace-objects] [--bare]\n           [--git-dir=<path>] [--work-tree=<path>] [--namespace=<name>]\n           [--super-prefix=<path>] [--config-env=<name>=<envvar>]\n           <command> [<args>]\n\nThese are common Git commands used in various situations:\n\nstart a working area (see also: git help tutorial)\n   clone     Clone a repository into a new directory\n   init      Create an empty Git repository or reinitialize an existing one\n\nwork on the current change (see also: git help everyday)\n   add       Add file contents to the index\n   mv        Move or rename a file, a directory, or a symlink\n   restore   Restore working tree files\n   rm        Remove files from the working tree and from the index\n\nexamine the history and state (see also: git help revisions)\n   bisect    Use binary search to find the commit that introduced a bug\n   diff      Show changes between commits, commit and working tree, etc\n   grep      Print lines matching a pattern\n   log       Show commit logs\n   show      Show various types of objects\n   status    Show the working tree status\n\ngrow, mark and tweak your common history\n   branch    List, create, or delete branches\n   commit    Record changes to the repository\n   merge     Join two or more development histories together\n   rebase    Reapply commits on top of another base tip\n   reset     Reset current HEAD to the specified state\n   switch    Switch branches\n   tag       Create, list, delete or verify a tag object signed with GPG\n\ncollaborate (see also: git help workflows)\n   fetch     Download objects and refs from another repository\n   pull      Fetch from and integrate with another repository or a local branch\n   push      Update remote refs along with associated objects\n\n'git help -a' and 'git help -g' list available subcommands and some\nconcept guides. See 'git help <command>' or 'git help <concept>'\nto read about a specific subcommand or concept.\nSee 'git help git' for an overview of the system.\n""
17:29:46.421532 [debug] [MainThread]: STDERR: "b''"
17:29:46.432991 [debug] [MainThread]: Acquiring new postgres connection "debug"
17:29:46.435033 [debug] [MainThread]: Using postgres connection "debug"
17:29:46.436147 [debug] [MainThread]: On debug: select 1 as id
17:29:46.437648 [debug] [MainThread]: Opening a new connection, currently in state init
17:29:46.475229 [debug] [MainThread]: SQL status: SELECT 1 in 0.04 seconds
17:29:46.478343 [debug] [MainThread]: On debug: Close
17:29:46.480034 [debug] [MainThread]: Sending event: {'category': 'dbt', 'action': 'invocation', 'label': 'end', 'context': [<snowplow_tracker.self_describing_json.SelfDescribingJson object at 0x7fe6b54e9100>, <snowplow_tracker.self_describing_json.SelfDescribingJson object at 0x7fe6b54e9a30>, <snowplow_tracker.self_describing_json.SelfDescribingJson object at 0x7fe6b54e9250>]}
17:29:46.940955 [debug] [MainThread]: Connection 'debug' was properly closed.


============================== 2024-07-14 17:53:02.709242 | a3f5fc09-8c6b-4923-abca-5cd66c466eb0 ==============================
17:53:02.709242 [info ] [MainThread]: Running with dbt=1.0.0
17:53:02.710217 [debug] [MainThread]: running dbt with arguments Namespace(record_timing_info=None, debug=None, log_format=None, write_json=None, use_colors=None, printer_width=None, warn_error=None, version_check=None, partial_parse=None, single_threaded=False, use_experimental_parser=None, static_parser=None, profiles_dir='/app/dbt_project', send_anonymous_usage_stats=None, fail_fast=None, event_buffer_size=None, project_dir=None, profile=None, target=None, vars='{}', log_cache_events=False, config_dir=False, defer=None, state=None, cls=<class 'dbt.task.debug.DebugTask'>, which='debug', rpc_method=None)
17:53:02.712087 [debug] [MainThread]: Tracking: tracking
17:53:02.718986 [debug] [MainThread]: Sending event: {'category': 'dbt', 'action': 'invocation', 'label': 'start', 'context': [<snowplow_tracker.self_describing_json.SelfDescribingJson object at 0x7f19fe297bb0>, <snowplow_tracker.self_describing_json.SelfDescribingJson object at 0x7f19fe297d60>, <snowplow_tracker.self_describing_json.SelfDescribingJson object at 0x7f19fe297c70>]}
17:53:02.883742 [warn ] [MainThread]: [[33mWARNING[0m]: Deprecated functionality
The `source-paths` config has been renamed to `model-paths`. Please update your
`dbt_project.yml` configuration to reflect this change.
17:53:02.885300 [debug] [MainThread]: Sending event: {'category': 'dbt', 'action': 'deprecation', 'label': 'a3f5fc09-8c6b-4923-abca-5cd66c466eb0', 'property_': 'warn', 'context': [<snowplow_tracker.self_describing_json.SelfDescribingJson object at 0x7f19fdcdaee0>]}
17:53:02.887549 [warn ] [MainThread]: [[33mWARNING[0m]: Deprecated functionality
The `data-paths` config has been renamed to `seed-paths`. Please update your
`dbt_project.yml` configuration to reflect this change.
17:53:02.889070 [debug] [MainThread]: Sending event: {'category': 'dbt', 'action': 'deprecation', 'label': 'a3f5fc09-8c6b-4923-abca-5cd66c466eb0', 'property_': 'warn', 'context': [<snowplow_tracker.self_describing_json.SelfDescribingJson object at 0x7f19fdcd00d0>]}
17:53:02.921203 [debug] [MainThread]: Executing "git --help"
17:53:02.947270 [debug] [MainThread]: STDOUT: "b"usage: git [-v | --version] [-h | --help] [-C <path>] [-c <name>=<value>]\n           [--exec-path[=<path>]] [--html-path] [--man-path] [--info-path]\n           [-p | --paginate | -P | --no-pager] [--no-replace-objects] [--bare]\n           [--git-dir=<path>] [--work-tree=<path>] [--namespace=<name>]\n           [--super-prefix=<path>] [--config-env=<name>=<envvar>]\n           <command> [<args>]\n\nThese are common Git commands used in various situations:\n\nstart a working area (see also: git help tutorial)\n   clone     Clone a repository into a new directory\n   init      Create an empty Git repository or reinitialize an existing one\n\nwork on the current change (see also: git help everyday)\n   add       Add file contents to the index\n   mv        Move or rename a file, a directory, or a symlink\n   restore   Restore working tree files\n   rm        Remove files from the working tree and from the index\n\nexamine the history and state (see also: git help revisions)\n   bisect    Use binary search to find the commit that introduced a bug\n   diff      Show changes between commits, commit and working tree, etc\n   grep      Print lines matching a pattern\n   log       Show commit logs\n   show      Show various types of objects\n   status    Show the working tree status\n\ngrow, mark and tweak your common history\n   branch    List, create, or delete branches\n   commit    Record changes to the repository\n   merge     Join two or more development histories together\n   rebase    Reapply commits on top of another base tip\n   reset     Reset current HEAD to the specified state\n   switch    Switch branches\n   tag       Create, list, delete or verify a tag object signed with GPG\n\ncollaborate (see also: git help workflows)\n   fetch     Download objects and refs from another repository\n   pull      Fetch from and integrate with another repository or a local branch\n   push      Update remote refs along with associated objects\n\n'git help -a' and 'git help -g' list available subcommands and some\nconcept guides. See 'git help <command>' or 'git help <concept>'\nto read about a specific subcommand or concept.\nSee 'git help git' for an overview of the system.\n""
17:53:02.948810 [debug] [MainThread]: STDERR: "b''"
17:53:02.960478 [debug] [MainThread]: Acquiring new postgres connection "debug"
17:53:02.962104 [debug] [MainThread]: Using postgres connection "debug"
17:53:02.963409 [debug] [MainThread]: On debug: select 1 as id
17:53:02.964574 [debug] [MainThread]: Opening a new connection, currently in state init
17:53:02.999305 [debug] [MainThread]: SQL status: SELECT 1 in 0.03 seconds
17:53:03.002778 [debug] [MainThread]: On debug: Close
17:53:03.004901 [debug] [MainThread]: Sending event: {'category': 'dbt', 'action': 'invocation', 'label': 'end', 'context': [<snowplow_tracker.self_describing_json.SelfDescribingJson object at 0x7f19fdc8a100>, <snowplow_tracker.self_describing_json.SelfDescribingJson object at 0x7f19fdc8aa30>, <snowplow_tracker.self_describing_json.SelfDescribingJson object at 0x7f19fdc8a250>]}
17:53:03.452255 [debug] [MainThread]: Connection 'debug' was properly closed.


============================== 2024-07-14 23:27:03.699490 | ce1ab92a-7a07-4f8e-8c5a-a274bf02efcb ==============================
23:27:03.699490 [info ] [MainThread]: Running with dbt=1.0.0
23:27:03.700860 [debug] [MainThread]: running dbt with arguments Namespace(record_timing_info=None, debug=None, log_format=None, write_json=None, use_colors=None, printer_width=None, warn_error=None, version_check=None, partial_parse=None, single_threaded=False, use_experimental_parser=None, static_parser=None, profiles_dir='/app/dbt_project', send_anonymous_usage_stats=None, fail_fast=None, event_buffer_size=None, project_dir=None, profile=None, target=None, vars='{}', log_cache_events=False, config_dir=False, defer=None, state=None, cls=<class 'dbt.task.debug.DebugTask'>, which='debug', rpc_method=None)
23:27:03.703953 [debug] [MainThread]: Tracking: tracking
23:27:03.709065 [debug] [MainThread]: Sending event: {'category': 'dbt', 'action': 'invocation', 'label': 'start', 'context': [<snowplow_tracker.self_describing_json.SelfDescribingJson object at 0x7f94e2d886d0>, <snowplow_tracker.self_describing_json.SelfDescribingJson object at 0x7f94e30e3f70>, <snowplow_tracker.self_describing_json.SelfDescribingJson object at 0x7f94e2d88c10>]}
23:27:03.838954 [warn ] [MainThread]: [[33mWARNING[0m]: Deprecated functionality
The `source-paths` config has been renamed to `model-paths`. Please update your
`dbt_project.yml` configuration to reflect this change.
23:27:03.840441 [debug] [MainThread]: Sending event: {'category': 'dbt', 'action': 'deprecation', 'label': 'ce1ab92a-7a07-4f8e-8c5a-a274bf02efcb', 'property_': 'warn', 'context': [<snowplow_tracker.self_describing_json.SelfDescribingJson object at 0x7f94e2524340>]}
23:27:03.842753 [warn ] [MainThread]: [[33mWARNING[0m]: Deprecated functionality
The `data-paths` config has been renamed to `seed-paths`. Please update your
`dbt_project.yml` configuration to reflect this change.
23:27:03.844229 [debug] [MainThread]: Sending event: {'category': 'dbt', 'action': 'deprecation', 'label': 'ce1ab92a-7a07-4f8e-8c5a-a274bf02efcb', 'property_': 'warn', 'context': [<snowplow_tracker.self_describing_json.SelfDescribingJson object at 0x7f94e25244c0>]}
23:27:03.873971 [debug] [MainThread]: Executing "git --help"
23:27:03.880749 [debug] [MainThread]: STDOUT: "b"usage: git [-v | --version] [-h | --help] [-C <path>] [-c <name>=<value>]\n           [--exec-path[=<path>]] [--html-path] [--man-path] [--info-path]\n           [-p | --paginate | -P | --no-pager] [--no-replace-objects] [--bare]\n           [--git-dir=<path>] [--work-tree=<path>] [--namespace=<name>]\n           [--super-prefix=<path>] [--config-env=<name>=<envvar>]\n           <command> [<args>]\n\nThese are common Git commands used in various situations:\n\nstart a working area (see also: git help tutorial)\n   clone     Clone a repository into a new directory\n   init      Create an empty Git repository or reinitialize an existing one\n\nwork on the current change (see also: git help everyday)\n   add       Add file contents to the index\n   mv        Move or rename a file, a directory, or a symlink\n   restore   Restore working tree files\n   rm        Remove files from the working tree and from the index\n\nexamine the history and state (see also: git help revisions)\n   bisect    Use binary search to find the commit that introduced a bug\n   diff      Show changes between commits, commit and working tree, etc\n   grep      Print lines matching a pattern\n   log       Show commit logs\n   show      Show various types of objects\n   status    Show the working tree status\n\ngrow, mark and tweak your common history\n   branch    List, create, or delete branches\n   commit    Record changes to the repository\n   merge     Join two or more development histories together\n   rebase    Reapply commits on top of another base tip\n   reset     Reset current HEAD to the specified state\n   switch    Switch branches\n   tag       Create, list, delete or verify a tag object signed with GPG\n\ncollaborate (see also: git help workflows)\n   fetch     Download objects and refs from another repository\n   pull      Fetch from and integrate with another repository or a local branch\n   push      Update remote refs along with associated objects\n\n'git help -a' and 'git help -g' list available subcommands and some\nconcept guides. See 'git help <command>' or 'git help <concept>'\nto read about a specific subcommand or concept.\nSee 'git help git' for an overview of the system.\n""
23:27:03.883690 [debug] [MainThread]: STDERR: "b''"
23:27:03.890725 [debug] [MainThread]: Acquiring new postgres connection "debug"
23:27:03.903497 [debug] [MainThread]: Using postgres connection "debug"
23:27:03.904866 [debug] [MainThread]: On debug: select 1 as id
23:27:03.906533 [debug] [MainThread]: Opening a new connection, currently in state init
23:27:03.917136 [debug] [MainThread]: SQL status: SELECT 1 in 0.01 seconds
23:27:03.920859 [debug] [MainThread]: On debug: Close
23:27:03.923212 [debug] [MainThread]: Sending event: {'category': 'dbt', 'action': 'invocation', 'label': 'end', 'context': [<snowplow_tracker.self_describing_json.SelfDescribingJson object at 0x7f94e2daef40>, <snowplow_tracker.self_describing_json.SelfDescribingJson object at 0x7f94e2d88af0>, <snowplow_tracker.self_describing_json.SelfDescribingJson object at 0x7f94e2d88f40>]}
23:27:04.318048 [debug] [MainThread]: Connection 'debug' was properly closed.
