

============================== 2024-07-14 17:42:19.583095 | c6aaf75e-759a-4ecc-ad08-5f596279a67e ==============================
17:42:19.583095 [info ] [MainThread]: Running with dbt=1.0.0
17:42:19.585878 [debug] [MainThread]: running dbt with arguments Namespace(record_timing_info=None, debug=None, log_format=None, write_json=None, use_colors=None, printer_width=None, warn_error=None, version_check=None, partial_parse=None, single_threaded=False, use_experimental_parser=None, static_parser=None, profiles_dir='/app/dbt_project', send_anonymous_usage_stats=None, fail_fast=None, event_buffer_size=None, project_dir=None, profile=None, target=None, vars='{}', log_cache_events=False, config_dir=False, defer=None, state=None, cls=<class 'dbt.task.debug.DebugTask'>, which='debug', rpc_method=None)
17:42:19.589178 [debug] [MainThread]: Tracking: tracking
17:42:19.594595 [debug] [MainThread]: Sending event: {'category': 'dbt', 'action': 'invocation', 'label': 'start', 'context': [<snowplow_tracker.self_describing_json.SelfDescribingJson object at 0x7f0d01b17bb0>, <snowplow_tracker.self_describing_json.SelfDescribingJson object at 0x7f0d01b17d60>, <snowplow_tracker.self_describing_json.SelfDescribingJson object at 0x7f0d01b17c70>]}
17:42:19.716629 [debug] [MainThread]: Executing "git --help"
17:42:19.751472 [debug] [MainThread]: STDOUT: "b"usage: git [-v | --version] [-h | --help] [-C <path>] [-c <name>=<value>]\n           [--exec-path[=<path>]] [--html-path] [--man-path] [--info-path]\n           [-p | --paginate | -P | --no-pager] [--no-replace-objects] [--bare]\n           [--git-dir=<path>] [--work-tree=<path>] [--namespace=<name>]\n           [--super-prefix=<path>] [--config-env=<name>=<envvar>]\n           <command> [<args>]\n\nThese are common Git commands used in various situations:\n\nstart a working area (see also: git help tutorial)\n   clone     Clone a repository into a new directory\n   init      Create an empty Git repository or reinitialize an existing one\n\nwork on the current change (see also: git help everyday)\n   add       Add file contents to the index\n   mv        Move or rename a file, a directory, or a symlink\n   restore   Restore working tree files\n   rm        Remove files from the working tree and from the index\n\nexamine the history and state (see also: git help revisions)\n   bisect    Use binary search to find the commit that introduced a bug\n   diff      Show changes between commits, commit and working tree, etc\n   grep      Print lines matching a pattern\n   log       Show commit logs\n   show      Show various types of objects\n   status    Show the working tree status\n\ngrow, mark and tweak your common history\n   branch    List, create, or delete branches\n   commit    Record changes to the repository\n   merge     Join two or more development histories together\n   rebase    Reapply commits on top of another base tip\n   reset     Reset current HEAD to the specified state\n   switch    Switch branches\n   tag       Create, list, delete or verify a tag object signed with GPG\n\ncollaborate (see also: git help workflows)\n   fetch     Download objects and refs from another repository\n   pull      Fetch from and integrate with another repository or a local branch\n   push      Update remote refs along with associated objects\n\n'git help -a' and 'git help -g' list available subcommands and some\nconcept guides. See 'git help <command>' or 'git help <concept>'\nto read about a specific subcommand or concept.\nSee 'git help git' for an overview of the system.\n""
17:42:19.755914 [debug] [MainThread]: STDERR: "b''"
17:42:19.772975 [debug] [MainThread]: Acquiring new postgres connection "debug"
17:42:19.774622 [debug] [MainThread]: Using postgres connection "debug"
17:42:19.776274 [debug] [MainThread]: On debug: select 1 as id
17:42:19.778979 [debug] [MainThread]: Opening a new connection, currently in state init
17:42:19.817146 [debug] [MainThread]: SQL status: SELECT 1 in 0.04 seconds
17:42:19.820660 [debug] [MainThread]: On debug: Close
17:42:19.823082 [debug] [MainThread]: Sending event: {'category': 'dbt', 'action': 'invocation', 'label': 'end', 'context': [<snowplow_tracker.self_describing_json.SelfDescribingJson object at 0x7f0d00fce340>, <snowplow_tracker.self_describing_json.SelfDescribingJson object at 0x7f0d00f81460>, <snowplow_tracker.self_describing_json.SelfDescribingJson object at 0x7f0d00f81f70>]}
17:42:20.247909 [debug] [MainThread]: Connection 'debug' was properly closed.


============================== 2024-07-14 22:51:35.211313 | 61b7b01b-1fcc-4569-b791-f2e0d1b80818 ==============================
22:51:35.211313 [info ] [MainThread]: Running with dbt=1.0.0
22:51:35.213397 [debug] [MainThread]: running dbt with arguments Namespace(record_timing_info=None, debug=None, log_format=None, write_json=None, use_colors=None, printer_width=None, warn_error=None, version_check=None, partial_parse=None, single_threaded=False, use_experimental_parser=None, static_parser=None, profiles_dir='/app/dbt_project', send_anonymous_usage_stats=None, fail_fast=None, event_buffer_size=None, project_dir=None, profile=None, target=None, vars='{}', log_cache_events=False, config_dir=False, defer=None, state=None, cls=<class 'dbt.task.debug.DebugTask'>, which='debug', rpc_method=None)
22:51:35.215588 [debug] [MainThread]: Tracking: tracking
22:51:35.222299 [debug] [MainThread]: Sending event: {'category': 'dbt', 'action': 'invocation', 'label': 'start', 'context': [<snowplow_tracker.self_describing_json.SelfDescribingJson object at 0x7fa7bdb97bb0>, <snowplow_tracker.self_describing_json.SelfDescribingJson object at 0x7fa7bdb97d60>, <snowplow_tracker.self_describing_json.SelfDescribingJson object at 0x7fa7bdb97c70>]}
22:51:35.408568 [debug] [MainThread]: Executing "git --help"
22:51:35.434939 [debug] [MainThread]: STDOUT: "b"usage: git [-v | --version] [-h | --help] [-C <path>] [-c <name>=<value>]\n           [--exec-path[=<path>]] [--html-path] [--man-path] [--info-path]\n           [-p | --paginate | -P | --no-pager] [--no-replace-objects] [--bare]\n           [--git-dir=<path>] [--work-tree=<path>] [--namespace=<name>]\n           [--super-prefix=<path>] [--config-env=<name>=<envvar>]\n           <command> [<args>]\n\nThese are common Git commands used in various situations:\n\nstart a working area (see also: git help tutorial)\n   clone     Clone a repository into a new directory\n   init      Create an empty Git repository or reinitialize an existing one\n\nwork on the current change (see also: git help everyday)\n   add       Add file contents to the index\n   mv        Move or rename a file, a directory, or a symlink\n   restore   Restore working tree files\n   rm        Remove files from the working tree and from the index\n\nexamine the history and state (see also: git help revisions)\n   bisect    Use binary search to find the commit that introduced a bug\n   diff      Show changes between commits, commit and working tree, etc\n   grep      Print lines matching a pattern\n   log       Show commit logs\n   show      Show various types of objects\n   status    Show the working tree status\n\ngrow, mark and tweak your common history\n   branch    List, create, or delete branches\n   commit    Record changes to the repository\n   merge     Join two or more development histories together\n   rebase    Reapply commits on top of another base tip\n   reset     Reset current HEAD to the specified state\n   switch    Switch branches\n   tag       Create, list, delete or verify a tag object signed with GPG\n\ncollaborate (see also: git help workflows)\n   fetch     Download objects and refs from another repository\n   pull      Fetch from and integrate with another repository or a local branch\n   push      Update remote refs along with associated objects\n\n'git help -a' and 'git help -g' list available subcommands and some\nconcept guides. See 'git help <command>' or 'git help <concept>'\nto read about a specific subcommand or concept.\nSee 'git help git' for an overview of the system.\n""
22:51:35.436736 [debug] [MainThread]: STDERR: "b''"
22:51:35.446843 [debug] [MainThread]: Acquiring new postgres connection "debug"
22:51:35.448458 [debug] [MainThread]: Using postgres connection "debug"
22:51:35.449665 [debug] [MainThread]: On debug: select 1 as id
22:51:35.450932 [debug] [MainThread]: Opening a new connection, currently in state init
22:51:35.471410 [debug] [MainThread]: SQL status: SELECT 1 in 0.02 seconds
22:51:35.474207 [debug] [MainThread]: On debug: Close
22:51:35.478251 [debug] [MainThread]: Sending event: {'category': 'dbt', 'action': 'invocation', 'label': 'end', 'context': [<snowplow_tracker.self_describing_json.SelfDescribingJson object at 0x7fa7bd38e340>, <snowplow_tracker.self_describing_json.SelfDescribingJson object at 0x7fa7bd341460>, <snowplow_tracker.self_describing_json.SelfDescribingJson object at 0x7fa7bd341f70>]}
22:51:35.927586 [debug] [MainThread]: Connection 'debug' was properly closed.


============================== 2024-07-14 23:03:50.474967 | 1a08883f-fe8e-4ec2-8c80-44918ef7698c ==============================
23:03:50.474967 [info ] [MainThread]: Running with dbt=1.0.0
23:03:50.476040 [debug] [MainThread]: running dbt with arguments Namespace(record_timing_info=None, debug=None, log_format=None, write_json=None, use_colors=None, printer_width=None, warn_error=None, version_check=None, partial_parse=None, single_threaded=False, use_experimental_parser=None, static_parser=None, profiles_dir='/app/dbt_project', send_anonymous_usage_stats=None, fail_fast=None, event_buffer_size=None, project_dir=None, profile=None, target=None, vars='{}', log_cache_events=False, config_dir=False, defer=None, state=None, cls=<class 'dbt.task.debug.DebugTask'>, which='debug', rpc_method=None)
23:03:50.478416 [debug] [MainThread]: Tracking: tracking
23:03:50.485176 [debug] [MainThread]: Sending event: {'category': 'dbt', 'action': 'invocation', 'label': 'start', 'context': [<snowplow_tracker.self_describing_json.SelfDescribingJson object at 0x7f423540fdf0>, <snowplow_tracker.self_describing_json.SelfDescribingJson object at 0x7f423546fdc0>, <snowplow_tracker.self_describing_json.SelfDescribingJson object at 0x7f423546fee0>]}
23:03:50.675333 [debug] [MainThread]: Executing "git --help"
23:03:50.704482 [debug] [MainThread]: STDOUT: "b"usage: git [-v | --version] [-h | --help] [-C <path>] [-c <name>=<value>]\n           [--exec-path[=<path>]] [--html-path] [--man-path] [--info-path]\n           [-p | --paginate | -P | --no-pager] [--no-replace-objects] [--bare]\n           [--git-dir=<path>] [--work-tree=<path>] [--namespace=<name>]\n           [--super-prefix=<path>] [--config-env=<name>=<envvar>]\n           <command> [<args>]\n\nThese are common Git commands used in various situations:\n\nstart a working area (see also: git help tutorial)\n   clone     Clone a repository into a new directory\n   init      Create an empty Git repository or reinitialize an existing one\n\nwork on the current change (see also: git help everyday)\n   add       Add file contents to the index\n   mv        Move or rename a file, a directory, or a symlink\n   restore   Restore working tree files\n   rm        Remove files from the working tree and from the index\n\nexamine the history and state (see also: git help revisions)\n   bisect    Use binary search to find the commit that introduced a bug\n   diff      Show changes between commits, commit and working tree, etc\n   grep      Print lines matching a pattern\n   log       Show commit logs\n   show      Show various types of objects\n   status    Show the working tree status\n\ngrow, mark and tweak your common history\n   branch    List, create, or delete branches\n   commit    Record changes to the repository\n   merge     Join two or more development histories together\n   rebase    Reapply commits on top of another base tip\n   reset     Reset current HEAD to the specified state\n   switch    Switch branches\n   tag       Create, list, delete or verify a tag object signed with GPG\n\ncollaborate (see also: git help workflows)\n   fetch     Download objects and refs from another repository\n   pull      Fetch from and integrate with another repository or a local branch\n   push      Update remote refs along with associated objects\n\n'git help -a' and 'git help -g' list available subcommands and some\nconcept guides. See 'git help <command>' or 'git help <concept>'\nto read about a specific subcommand or concept.\nSee 'git help git' for an overview of the system.\n""
23:03:50.705838 [debug] [MainThread]: STDERR: "b''"
23:03:50.715188 [debug] [MainThread]: Acquiring new postgres connection "debug"
23:03:50.717624 [debug] [MainThread]: Using postgres connection "debug"
23:03:50.718773 [debug] [MainThread]: On debug: select 1 as id
23:03:50.720045 [debug] [MainThread]: Opening a new connection, currently in state init
23:03:50.752588 [debug] [MainThread]: SQL status: SELECT 1 in 0.03 seconds
23:03:50.755218 [debug] [MainThread]: On debug: Close
23:03:50.756900 [debug] [MainThread]: Sending event: {'category': 'dbt', 'action': 'invocation', 'label': 'end', 'context': [<snowplow_tracker.self_describing_json.SelfDescribingJson object at 0x7f4234be69a0>, <snowplow_tracker.self_describing_json.SelfDescribingJson object at 0x7f42354352e0>, <snowplow_tracker.self_describing_json.SelfDescribingJson object at 0x7f4235435cd0>]}
23:03:51.201355 [debug] [MainThread]: Connection 'debug' was properly closed.


============================== 2024-07-14 23:18:16.564229 | f145bb15-2653-43d3-bd7b-3df514804929 ==============================
23:18:16.564229 [info ] [MainThread]: Running with dbt=1.0.0
23:18:16.565877 [debug] [MainThread]: running dbt with arguments Namespace(record_timing_info=None, debug=None, log_format=None, write_json=None, use_colors=None, printer_width=None, warn_error=None, version_check=None, partial_parse=None, single_threaded=False, use_experimental_parser=None, static_parser=None, profiles_dir='/app/dbt_project', send_anonymous_usage_stats=None, fail_fast=None, event_buffer_size=None, project_dir=None, profile=None, target=None, vars='{}', log_cache_events=False, config_dir=False, defer=None, state=None, cls=<class 'dbt.task.debug.DebugTask'>, which='debug', rpc_method=None)
23:18:16.571003 [debug] [MainThread]: Tracking: tracking
23:18:16.577168 [debug] [MainThread]: Sending event: {'category': 'dbt', 'action': 'invocation', 'label': 'start', 'context': [<snowplow_tracker.self_describing_json.SelfDescribingJson object at 0x7f03be817c70>, <snowplow_tracker.self_describing_json.SelfDescribingJson object at 0x7f03be817cd0>, <snowplow_tracker.self_describing_json.SelfDescribingJson object at 0x7f03be817d30>]}
23:18:16.708297 [debug] [MainThread]: Executing "git --help"
23:18:16.714467 [debug] [MainThread]: STDOUT: "b"usage: git [-v | --version] [-h | --help] [-C <path>] [-c <name>=<value>]\n           [--exec-path[=<path>]] [--html-path] [--man-path] [--info-path]\n           [-p | --paginate | -P | --no-pager] [--no-replace-objects] [--bare]\n           [--git-dir=<path>] [--work-tree=<path>] [--namespace=<name>]\n           [--super-prefix=<path>] [--config-env=<name>=<envvar>]\n           <command> [<args>]\n\nThese are common Git commands used in various situations:\n\nstart a working area (see also: git help tutorial)\n   clone     Clone a repository into a new directory\n   init      Create an empty Git repository or reinitialize an existing one\n\nwork on the current change (see also: git help everyday)\n   add       Add file contents to the index\n   mv        Move or rename a file, a directory, or a symlink\n   restore   Restore working tree files\n   rm        Remove files from the working tree and from the index\n\nexamine the history and state (see also: git help revisions)\n   bisect    Use binary search to find the commit that introduced a bug\n   diff      Show changes between commits, commit and working tree, etc\n   grep      Print lines matching a pattern\n   log       Show commit logs\n   show      Show various types of objects\n   status    Show the working tree status\n\ngrow, mark and tweak your common history\n   branch    List, create, or delete branches\n   commit    Record changes to the repository\n   merge     Join two or more development histories together\n   rebase    Reapply commits on top of another base tip\n   reset     Reset current HEAD to the specified state\n   switch    Switch branches\n   tag       Create, list, delete or verify a tag object signed with GPG\n\ncollaborate (see also: git help workflows)\n   fetch     Download objects and refs from another repository\n   pull      Fetch from and integrate with another repository or a local branch\n   push      Update remote refs along with associated objects\n\n'git help -a' and 'git help -g' list available subcommands and some\nconcept guides. See 'git help <command>' or 'git help <concept>'\nto read about a specific subcommand or concept.\nSee 'git help git' for an overview of the system.\n""
23:18:16.715765 [debug] [MainThread]: STDERR: "b''"
23:18:16.725575 [debug] [MainThread]: Acquiring new postgres connection "debug"
23:18:16.727715 [debug] [MainThread]: Using postgres connection "debug"
23:18:16.729041 [debug] [MainThread]: On debug: select 1 as id
23:18:16.730352 [debug] [MainThread]: Opening a new connection, currently in state init
23:18:16.742117 [debug] [MainThread]: SQL status: SELECT 1 in 0.01 seconds
23:18:16.781561 [debug] [MainThread]: On debug: Close
23:18:16.845866 [debug] [MainThread]: Sending event: {'category': 'dbt', 'action': 'invocation', 'label': 'end', 'context': [<snowplow_tracker.self_describing_json.SelfDescribingJson object at 0x7f03bdfc1f40>, <snowplow_tracker.self_describing_json.SelfDescribingJson object at 0x7f03bdfc1370>, <snowplow_tracker.self_describing_json.SelfDescribingJson object at 0x7f03bdfc1cd0>]}
23:18:17.274144 [debug] [MainThread]: Connection 'debug' was properly closed.


============================== 2024-07-14 23:23:31.290958 | 3646e4cc-3545-40b9-97b2-ea2a265404cc ==============================
23:23:31.290958 [info ] [MainThread]: Running with dbt=1.0.0
23:23:31.292257 [debug] [MainThread]: running dbt with arguments Namespace(record_timing_info=None, debug=None, log_format=None, write_json=None, use_colors=None, printer_width=None, warn_error=None, version_check=None, partial_parse=None, single_threaded=False, use_experimental_parser=None, static_parser=None, profiles_dir='/app/dbt_project', send_anonymous_usage_stats=None, fail_fast=None, event_buffer_size=None, project_dir=None, profile=None, target=None, vars='{}', log_cache_events=False, config_dir=False, defer=None, state=None, cls=<class 'dbt.task.debug.DebugTask'>, which='debug', rpc_method=None)
23:23:31.294177 [debug] [MainThread]: Tracking: tracking
23:23:31.298751 [debug] [MainThread]: Sending event: {'category': 'dbt', 'action': 'invocation', 'label': 'start', 'context': [<snowplow_tracker.self_describing_json.SelfDescribingJson object at 0x7f26f2357b80>, <snowplow_tracker.self_describing_json.SelfDescribingJson object at 0x7f26f2357d30>, <snowplow_tracker.self_describing_json.SelfDescribingJson object at 0x7f26f2357c40>]}
23:23:31.435642 [debug] [MainThread]: Executing "git --help"
23:23:31.441658 [debug] [MainThread]: STDOUT: "b"usage: git [-v | --version] [-h | --help] [-C <path>] [-c <name>=<value>]\n           [--exec-path[=<path>]] [--html-path] [--man-path] [--info-path]\n           [-p | --paginate | -P | --no-pager] [--no-replace-objects] [--bare]\n           [--git-dir=<path>] [--work-tree=<path>] [--namespace=<name>]\n           [--super-prefix=<path>] [--config-env=<name>=<envvar>]\n           <command> [<args>]\n\nThese are common Git commands used in various situations:\n\nstart a working area (see also: git help tutorial)\n   clone     Clone a repository into a new directory\n   init      Create an empty Git repository or reinitialize an existing one\n\nwork on the current change (see also: git help everyday)\n   add       Add file contents to the index\n   mv        Move or rename a file, a directory, or a symlink\n   restore   Restore working tree files\n   rm        Remove files from the working tree and from the index\n\nexamine the history and state (see also: git help revisions)\n   bisect    Use binary search to find the commit that introduced a bug\n   diff      Show changes between commits, commit and working tree, etc\n   grep      Print lines matching a pattern\n   log       Show commit logs\n   show      Show various types of objects\n   status    Show the working tree status\n\ngrow, mark and tweak your common history\n   branch    List, create, or delete branches\n   commit    Record changes to the repository\n   merge     Join two or more development histories together\n   rebase    Reapply commits on top of another base tip\n   reset     Reset current HEAD to the specified state\n   switch    Switch branches\n   tag       Create, list, delete or verify a tag object signed with GPG\n\ncollaborate (see also: git help workflows)\n   fetch     Download objects and refs from another repository\n   pull      Fetch from and integrate with another repository or a local branch\n   push      Update remote refs along with associated objects\n\n'git help -a' and 'git help -g' list available subcommands and some\nconcept guides. See 'git help <command>' or 'git help <concept>'\nto read about a specific subcommand or concept.\nSee 'git help git' for an overview of the system.\n""
23:23:31.443171 [debug] [MainThread]: STDERR: "b''"
23:23:31.451729 [debug] [MainThread]: Acquiring new postgres connection "debug"
23:23:31.459873 [debug] [MainThread]: Using postgres connection "debug"
23:23:31.461479 [debug] [MainThread]: On debug: select 1 as id
23:23:31.463837 [debug] [MainThread]: Opening a new connection, currently in state init
23:23:31.472200 [debug] [MainThread]: SQL status: SELECT 1 in 0.01 seconds
23:23:31.474796 [debug] [MainThread]: On debug: Close
23:23:31.477559 [debug] [MainThread]: Sending event: {'category': 'dbt', 'action': 'invocation', 'label': 'end', 'context': [<snowplow_tracker.self_describing_json.SelfDescribingJson object at 0x7f26f1b71f70>, <snowplow_tracker.self_describing_json.SelfDescribingJson object at 0x7f26f1b85a60>, <snowplow_tracker.self_describing_json.SelfDescribingJson object at 0x7f26f1b850d0>]}
23:23:31.900682 [debug] [MainThread]: Connection 'debug' was properly closed.


============================== 2024-07-14 23:26:45.089002 | 3a5fda9c-4078-43c8-b89f-b8f6cfbd85f7 ==============================
23:26:45.089002 [info ] [MainThread]: Running with dbt=1.0.0
23:26:45.090270 [debug] [MainThread]: running dbt with arguments Namespace(record_timing_info=None, debug=None, log_format=None, write_json=None, use_colors=None, printer_width=None, warn_error=None, version_check=None, partial_parse=None, single_threaded=False, use_experimental_parser=None, static_parser=None, profiles_dir='/app/dbt_project', send_anonymous_usage_stats=None, fail_fast=None, event_buffer_size=None, project_dir=None, profile=None, target=None, vars='{}', log_cache_events=False, config_dir=False, defer=None, state=None, cls=<class 'dbt.task.debug.DebugTask'>, which='debug', rpc_method=None)
23:26:45.091935 [debug] [MainThread]: Tracking: tracking
23:26:45.097000 [debug] [MainThread]: Sending event: {'category': 'dbt', 'action': 'invocation', 'label': 'start', 'context': [<snowplow_tracker.self_describing_json.SelfDescribingJson object at 0x7f9bf710fd60>, <snowplow_tracker.self_describing_json.SelfDescribingJson object at 0x7f9bfa5c13a0>, <snowplow_tracker.self_describing_json.SelfDescribingJson object at 0x7f9bf7168df0>]}
23:26:45.225492 [debug] [MainThread]: Executing "git --help"
23:26:45.231007 [debug] [MainThread]: STDOUT: "b"usage: git [-v | --version] [-h | --help] [-C <path>] [-c <name>=<value>]\n           [--exec-path[=<path>]] [--html-path] [--man-path] [--info-path]\n           [-p | --paginate | -P | --no-pager] [--no-replace-objects] [--bare]\n           [--git-dir=<path>] [--work-tree=<path>] [--namespace=<name>]\n           [--super-prefix=<path>] [--config-env=<name>=<envvar>]\n           <command> [<args>]\n\nThese are common Git commands used in various situations:\n\nstart a working area (see also: git help tutorial)\n   clone     Clone a repository into a new directory\n   init      Create an empty Git repository or reinitialize an existing one\n\nwork on the current change (see also: git help everyday)\n   add       Add file contents to the index\n   mv        Move or rename a file, a directory, or a symlink\n   restore   Restore working tree files\n   rm        Remove files from the working tree and from the index\n\nexamine the history and state (see also: git help revisions)\n   bisect    Use binary search to find the commit that introduced a bug\n   diff      Show changes between commits, commit and working tree, etc\n   grep      Print lines matching a pattern\n   log       Show commit logs\n   show      Show various types of objects\n   status    Show the working tree status\n\ngrow, mark and tweak your common history\n   branch    List, create, or delete branches\n   commit    Record changes to the repository\n   merge     Join two or more development histories together\n   rebase    Reapply commits on top of another base tip\n   reset     Reset current HEAD to the specified state\n   switch    Switch branches\n   tag       Create, list, delete or verify a tag object signed with GPG\n\ncollaborate (see also: git help workflows)\n   fetch     Download objects and refs from another repository\n   pull      Fetch from and integrate with another repository or a local branch\n   push      Update remote refs along with associated objects\n\n'git help -a' and 'git help -g' list available subcommands and some\nconcept guides. See 'git help <command>' or 'git help <concept>'\nto read about a specific subcommand or concept.\nSee 'git help git' for an overview of the system.\n""
23:26:45.232479 [debug] [MainThread]: STDERR: "b''"
23:26:45.240136 [debug] [MainThread]: Acquiring new postgres connection "debug"
23:26:45.242214 [debug] [MainThread]: Using postgres connection "debug"
23:26:45.244153 [debug] [MainThread]: On debug: select 1 as id
23:26:45.245781 [debug] [MainThread]: Opening a new connection, currently in state init
23:26:45.254420 [debug] [MainThread]: SQL status: SELECT 1 in 0.01 seconds
23:26:45.257563 [debug] [MainThread]: On debug: Close
23:26:45.261794 [debug] [MainThread]: Sending event: {'category': 'dbt', 'action': 'invocation', 'label': 'end', 'context': [<snowplow_tracker.self_describing_json.SelfDescribingJson object at 0x7f9bf6b1c610>, <snowplow_tracker.self_describing_json.SelfDescribingJson object at 0x7f9bf6b1c790>, <snowplow_tracker.self_describing_json.SelfDescribingJson object at 0x7f9bf6b1c1c0>]}
23:26:45.715773 [debug] [MainThread]: Connection 'debug' was properly closed.


============================== 2024-07-15 22:17:54.238168 | db6a2e8d-776a-4893-a37e-8355583daf52 ==============================
22:17:54.238168 [info ] [MainThread]: Running with dbt=1.0.0
22:17:54.239968 [debug] [MainThread]: running dbt with arguments Namespace(record_timing_info=None, debug=None, log_format=None, write_json=None, use_colors=None, printer_width=None, warn_error=None, version_check=None, partial_parse=None, single_threaded=False, use_experimental_parser=None, static_parser=None, profiles_dir='/app/dbt_project', send_anonymous_usage_stats=None, fail_fast=None, event_buffer_size=None, project_dir=None, profile=None, target=None, vars='{}', log_cache_events=False, config_dir=False, defer=None, state=None, cls=<class 'dbt.task.debug.DebugTask'>, which='debug', rpc_method=None)
22:17:54.242842 [debug] [MainThread]: Tracking: tracking
22:17:54.249468 [debug] [MainThread]: Sending event: {'category': 'dbt', 'action': 'invocation', 'label': 'start', 'context': [<snowplow_tracker.self_describing_json.SelfDescribingJson object at 0x7f66845cfa60>, <snowplow_tracker.self_describing_json.SelfDescribingJson object at 0x7f6687a923a0>, <snowplow_tracker.self_describing_json.SelfDescribingJson object at 0x7f66845cf850>]}
22:17:54.534924 [debug] [MainThread]: Executing "git --help"
22:17:54.543421 [debug] [MainThread]: STDOUT: "b"usage: git [-v | --version] [-h | --help] [-C <path>] [-c <name>=<value>]\n           [--exec-path[=<path>]] [--html-path] [--man-path] [--info-path]\n           [-p | --paginate | -P | --no-pager] [--no-replace-objects] [--bare]\n           [--git-dir=<path>] [--work-tree=<path>] [--namespace=<name>]\n           [--super-prefix=<path>] [--config-env=<name>=<envvar>]\n           <command> [<args>]\n\nThese are common Git commands used in various situations:\n\nstart a working area (see also: git help tutorial)\n   clone     Clone a repository into a new directory\n   init      Create an empty Git repository or reinitialize an existing one\n\nwork on the current change (see also: git help everyday)\n   add       Add file contents to the index\n   mv        Move or rename a file, a directory, or a symlink\n   restore   Restore working tree files\n   rm        Remove files from the working tree and from the index\n\nexamine the history and state (see also: git help revisions)\n   bisect    Use binary search to find the commit that introduced a bug\n   diff      Show changes between commits, commit and working tree, etc\n   grep      Print lines matching a pattern\n   log       Show commit logs\n   show      Show various types of objects\n   status    Show the working tree status\n\ngrow, mark and tweak your common history\n   branch    List, create, or delete branches\n   commit    Record changes to the repository\n   merge     Join two or more development histories together\n   rebase    Reapply commits on top of another base tip\n   reset     Reset current HEAD to the specified state\n   switch    Switch branches\n   tag       Create, list, delete or verify a tag object signed with GPG\n\ncollaborate (see also: git help workflows)\n   fetch     Download objects and refs from another repository\n   pull      Fetch from and integrate with another repository or a local branch\n   push      Update remote refs along with associated objects\n\n'git help -a' and 'git help -g' list available subcommands and some\nconcept guides. See 'git help <command>' or 'git help <concept>'\nto read about a specific subcommand or concept.\nSee 'git help git' for an overview of the system.\n""
22:17:54.545518 [debug] [MainThread]: STDERR: "b''"
22:17:54.556941 [debug] [MainThread]: Acquiring new postgres connection "debug"
22:17:54.560380 [debug] [MainThread]: Using postgres connection "debug"
22:17:54.561658 [debug] [MainThread]: On debug: select 1 as id
22:17:54.562697 [debug] [MainThread]: Opening a new connection, currently in state init
22:17:54.571281 [debug] [MainThread]: SQL status: SELECT 1 in 0.01 seconds
22:17:54.575033 [debug] [MainThread]: On debug: Close
22:17:54.577958 [debug] [MainThread]: Sending event: {'category': 'dbt', 'action': 'invocation', 'label': 'end', 'context': [<snowplow_tracker.self_describing_json.SelfDescribingJson object at 0x7f6683da7700>, <snowplow_tracker.self_describing_json.SelfDescribingJson object at 0x7f6683da7340>, <snowplow_tracker.self_describing_json.SelfDescribingJson object at 0x7f66845f5070>]}
22:17:55.035179 [debug] [MainThread]: Connection 'debug' was properly closed.
